This is pdfTeX, Version 3.1415926-2.4-1.40.13 (MiKTeX 2.9 64-bit) (preloaded format=pdflatex 2013.8.11)  8 JAN 2017 12:57
entering extended mode
**thinkperl6.tex
("C:\My Data\GitHub\Allen_repo\ThinkPerl6\book\thinkperl6.tex"
LaTeX2e <2011/06/27>
Babel <v3.8m> and hyphenation patterns for english, afrikaans, ancientgreek, ar
abic, armenian, assamese, basque, bengali, bokmal, bulgarian, catalan, coptic, 
croatian, czech, danish, dutch, esperanto, estonian, farsi, finnish, french, ga
lician, german, german-x-2012-05-30, greek, gujarati, hindi, hungarian, iceland
ic, indonesian, interlingua, irish, italian, kannada, kurmanji, latin, latvian,
 lithuanian, malayalam, marathi, mongolian, mongolianlmc, monogreek, ngerman, n
german-x-2012-05-30, nynorsk, oriya, panjabi, pinyin, polish, portuguese, roman
ian, russian, sanskrit, serbian, slovak, slovenian, spanish, swedish, swissgerm
an, tamil, telugu, turkish, turkmen, ukenglish, ukrainian, uppersorbian, usengl
ishmax, welsh, loaded.
("C:\Users\Laurent\AppData\Local\Programs\MiKTeX 2.9\tex\latex\base\book.cls"
Document Class: book 2014/09/29 v1.4h Standard LaTeX document class
("C:\Users\Laurent\AppData\Local\Programs\MiKTeX 2.9\tex\latex\base\bk10.clo"
File: bk10.clo 2014/09/29 v1.4h Standard LaTeX file (size option)
)
\c@part=\count79
\c@chapter=\count80
\c@section=\count81
\c@subsection=\count82
\c@subsubsection=\count83
\c@paragraph=\count84
\c@subparagraph=\count85
\c@figure=\count86
\c@table=\count87
\abovecaptionskip=\skip41
\belowcaptionskip=\skip42
\bibindent=\dimen102
)
("C:\Users\Laurent\AppData\Local\Programs\MiKTeX 2.9\tex\latex\geometry\geometr
y.sty"
Package: geometry 2010/09/12 v5.6 Page Geometry

("C:\Users\Laurent\AppData\Local\Programs\MiKTeX 2.9\tex\latex\graphics\keyval.
sty"
Package: keyval 2014/10/28 v1.15 key=value parser (DPC)
\KV@toks@=\toks14
)
("C:\Users\Laurent\AppData\Local\Programs\MiKTeX 2.9\tex\generic\oberdiek\ifpdf
.sty"
Package: ifpdf 2011/01/30 v2.3 Provides the ifpdf switch (HO)
Package ifpdf Info: pdfTeX in PDF mode is detected.
)
("C:\Users\Laurent\AppData\Local\Programs\MiKTeX 2.9\tex\generic\oberdiek\ifvte
x.sty"
Package: ifvtex 2010/03/01 v1.5 Detect VTeX and its facilities (HO)
Package ifvtex Info: VTeX not detected.
)
("C:\Users\Laurent\AppData\Local\Programs\MiKTeX 2.9\tex\generic\ifxetex\ifxete
x.sty"
Package: ifxetex 2010/09/12 v0.6 Provides ifxetex conditional
)
\Gm@cnth=\count88
\Gm@cntv=\count89
\c@Gm@tempcnt=\count90
\Gm@bindingoffset=\dimen103
\Gm@wd@mp=\dimen104
\Gm@odd@mp=\dimen105
\Gm@even@mp=\dimen106
\Gm@layoutwidth=\dimen107
\Gm@layoutheight=\dimen108
\Gm@layouthoffset=\dimen109
\Gm@layoutvoffset=\dimen110
\Gm@dimlist=\toks15

("C:\Users\Laurent\AppData\Local\Programs\MiKTeX 2.9\tex\latex\geometry\geometr
y.cfg"))
("C:\Users\Laurent\AppData\Local\Programs\MiKTeX 2.9\tex\latex\base\fontenc.sty
"
Package: fontenc 2005/09/27 v1.99g Standard LaTeX package
 ("C:\Users\Laurent\AppData\Local\Programs\MiKTeX 2.9\tex\latex\base\t1enc.def"
File: t1enc.def 2005/09/27 v1.99g Standard LaTeX file
LaTeX Font Info:    Redeclaring font encoding T1 on input line 48.
))
("C:\Users\Laurent\AppData\Local\Programs\MiKTeX 2.9\tex\latex\base\textcomp.st
y"
Package: textcomp 2005/09/27 v1.99g Standard LaTeX package
Package textcomp Info: Sub-encoding information:
(textcomp)               5 = only ISO-Adobe without \textcurrency
(textcomp)               4 = 5 + \texteuro
(textcomp)               3 = 4 + \textohm
(textcomp)               2 = 3 + \textestimated + \textcurrency
(textcomp)               1 = TS1 - \textcircled - \t
(textcomp)               0 = TS1 (full)
(textcomp)             Font families with sub-encoding setting implement
(textcomp)             only a restricted character set as indicated.
(textcomp)             Family '?' is the default used for unknown fonts.
(textcomp)             See the documentation for details.
Package textcomp Info: Setting ? sub-encoding to TS1/1 on input line 79.

("C:\Users\Laurent\AppData\Local\Programs\MiKTeX 2.9\tex\latex\base\ts1enc.def"
File: ts1enc.def 2001/06/05 v3.0e (jk/car/fm) Standard LaTeX file
)
LaTeX Info: Redefining \oldstylenums on input line 334.
Package textcomp Info: Setting cmr sub-encoding to TS1/0 on input line 349.
Package textcomp Info: Setting cmss sub-encoding to TS1/0 on input line 350.
Package textcomp Info: Setting cmtt sub-encoding to TS1/0 on input line 351.
Package textcomp Info: Setting cmvtt sub-encoding to TS1/0 on input line 352.
Package textcomp Info: Setting cmbr sub-encoding to TS1/0 on input line 353.
Package textcomp Info: Setting cmtl sub-encoding to TS1/0 on input line 354.
Package textcomp Info: Setting ccr sub-encoding to TS1/0 on input line 355.
Package textcomp Info: Setting ptm sub-encoding to TS1/4 on input line 356.
Package textcomp Info: Setting pcr sub-encoding to TS1/4 on input line 357.
Package textcomp Info: Setting phv sub-encoding to TS1/4 on input line 358.
Package textcomp Info: Setting ppl sub-encoding to TS1/3 on input line 359.
Package textcomp Info: Setting pag sub-encoding to TS1/4 on input line 360.
Package textcomp Info: Setting pbk sub-encoding to TS1/4 on input line 361.
Package textcomp Info: Setting pnc sub-encoding to TS1/4 on input line 362.
Package textcomp Info: Setting pzc sub-encoding to TS1/4 on input line 363.
Package textcomp Info: Setting bch sub-encoding to TS1/4 on input line 364.
Package textcomp Info: Setting put sub-encoding to TS1/5 on input line 365.
Package textcomp Info: Setting uag sub-encoding to TS1/5 on input line 366.
Package textcomp Info: Setting ugq sub-encoding to TS1/5 on input line 367.
Package textcomp Info: Setting ul8 sub-encoding to TS1/4 on input line 368.
Package textcomp Info: Setting ul9 sub-encoding to TS1/4 on input line 369.
Package textcomp Info: Setting augie sub-encoding to TS1/5 on input line 370.
Package textcomp Info: Setting dayrom sub-encoding to TS1/3 on input line 371.
Package textcomp Info: Setting dayroms sub-encoding to TS1/3 on input line 372.

Package textcomp Info: Setting pxr sub-encoding to TS1/0 on input line 373.
Package textcomp Info: Setting pxss sub-encoding to TS1/0 on input line 374.
Package textcomp Info: Setting pxtt sub-encoding to TS1/0 on input line 375.
Package textcomp Info: Setting txr sub-encoding to TS1/0 on input line 376.
Package textcomp Info: Setting txss sub-encoding to TS1/0 on input line 377.
Package textcomp Info: Setting txtt sub-encoding to TS1/0 on input line 378.
Package textcomp Info: Setting lmr sub-encoding to TS1/0 on input line 379.
Package textcomp Info: Setting lmdh sub-encoding to TS1/0 on input line 380.
Package textcomp Info: Setting lmss sub-encoding to TS1/0 on input line 381.
Package textcomp Info: Setting lmssq sub-encoding to TS1/0 on input line 382.
Package textcomp Info: Setting lmvtt sub-encoding to TS1/0 on input line 383.
Package textcomp Info: Setting lmtt sub-encoding to TS1/0 on input line 384.
Package textcomp Info: Setting qhv sub-encoding to TS1/0 on input line 385.
Package textcomp Info: Setting qag sub-encoding to TS1/0 on input line 386.
Package textcomp Info: Setting qbk sub-encoding to TS1/0 on input line 387.
Package textcomp Info: Setting qcr sub-encoding to TS1/0 on input line 388.
Package textcomp Info: Setting qcs sub-encoding to TS1/0 on input line 389.
Package textcomp Info: Setting qpl sub-encoding to TS1/0 on input line 390.
Package textcomp Info: Setting qtm sub-encoding to TS1/0 on input line 391.
Package textcomp Info: Setting qzc sub-encoding to TS1/0 on input line 392.
Package textcomp Info: Setting qhvc sub-encoding to TS1/0 on input line 393.
Package textcomp Info: Setting futs sub-encoding to TS1/4 on input line 394.
Package textcomp Info: Setting futx sub-encoding to TS1/4 on input line 395.
Package textcomp Info: Setting futj sub-encoding to TS1/4 on input line 396.
Package textcomp Info: Setting hlh sub-encoding to TS1/3 on input line 397.
Package textcomp Info: Setting hls sub-encoding to TS1/3 on input line 398.
Package textcomp Info: Setting hlst sub-encoding to TS1/3 on input line 399.
Package textcomp Info: Setting hlct sub-encoding to TS1/5 on input line 400.
Package textcomp Info: Setting hlx sub-encoding to TS1/5 on input line 401.
Package textcomp Info: Setting hlce sub-encoding to TS1/5 on input line 402.
Package textcomp Info: Setting hlcn sub-encoding to TS1/5 on input line 403.
Package textcomp Info: Setting hlcw sub-encoding to TS1/5 on input line 404.
Package textcomp Info: Setting hlcf sub-encoding to TS1/5 on input line 405.
Package textcomp Info: Setting pplx sub-encoding to TS1/3 on input line 406.
Package textcomp Info: Setting pplj sub-encoding to TS1/3 on input line 407.
Package textcomp Info: Setting ptmx sub-encoding to TS1/4 on input line 408.
Package textcomp Info: Setting ptmj sub-encoding to TS1/4 on input line 409.
)
("C:\Users\Laurent\AppData\Local\Programs\MiKTeX 2.9\tex\latex\psnfss\mathpazo.
sty"
Package: mathpazo 2005/04/12 PSNFSS-v9.2a Palatino w/ Pazo Math (D.Puga, WaS) 
\symupright=\mathgroup4
) ("C:\Users\Laurent\AppData\Local\Programs\MiKTeX 2.9\tex\latex\url\url.sty"
\Urlmuskip=\muskip10
Package: url 2013/09/16  ver 3.4  Verb mode for urls, etc.
)
("C:\Users\Laurent\AppData\Local\Programs\MiKTeX 2.9\tex\latex\fancyhdr\fancyhd
r.sty"
\fancy@headwidth=\skip43
\f@ncyO@elh=\skip44
\f@ncyO@erh=\skip45
\f@ncyO@olh=\skip46
\f@ncyO@orh=\skip47
\f@ncyO@elf=\skip48
\f@ncyO@erf=\skip49
\f@ncyO@olf=\skip50
\f@ncyO@orf=\skip51
)
("C:\Users\Laurent\AppData\Local\Programs\MiKTeX 2.9\tex\latex\graphics\graphic
x.sty"
Package: graphicx 2014/10/28 v1.0g Enhanced LaTeX Graphics (DPC,SPQR)

("C:\Users\Laurent\AppData\Local\Programs\MiKTeX 2.9\tex\latex\graphics\graphic
s.sty"
Package: graphics 2014/10/28 v1.0p Standard LaTeX Graphics (DPC,SPQR)

("C:\Users\Laurent\AppData\Local\Programs\MiKTeX 2.9\tex\latex\graphics\trig.st
y"
Package: trig 1999/03/16 v1.09 sin cos tan (DPC)
)
("C:\Users\Laurent\AppData\Local\Programs\MiKTeX 2.9\tex\latex\00miktex\graphic
s.cfg"
File: graphics.cfg 2007/01/18 v1.5 graphics configuration of teTeX/TeXLive
)
Package graphics Info: Driver file: pdftex.def on input line 94.

("C:\Users\Laurent\AppData\Local\Programs\MiKTeX 2.9\tex\latex\pdftex-def\pdfte
x.def"
File: pdftex.def 2011/05/27 v0.06d Graphics/color for pdfTeX

("C:\Users\Laurent\AppData\Local\Programs\MiKTeX 2.9\tex\generic\oberdiek\infwa
rerr.sty"
Package: infwarerr 2010/04/08 v1.3 Providing info/warning/error messages (HO)
)
("C:\Users\Laurent\AppData\Local\Programs\MiKTeX 2.9\tex\generic\oberdiek\ltxcm
ds.sty"
Package: ltxcmds 2011/11/09 v1.22 LaTeX kernel commands for general use (HO)
)
\Gread@gobject=\count91
))
\Gin@req@height=\dimen111
\Gin@req@width=\dimen112
)
("C:\Users\Laurent\AppData\Local\Programs\MiKTeX 2.9\tex\latex\amsmath\amsmath.
sty"
Package: amsmath 2013/01/14 v2.14 AMS math features
\@mathmargin=\skip52

For additional information on amsmath, use the `?' option.

("C:\Users\Laurent\AppData\Local\Programs\MiKTeX 2.9\tex\latex\amsmath\amstext.
sty"
Package: amstext 2000/06/29 v2.01

("C:\Users\Laurent\AppData\Local\Programs\MiKTeX 2.9\tex\latex\amsmath\amsgen.s
ty"
File: amsgen.sty 1999/11/30 v2.0
\@emptytoks=\toks16
\ex@=\dimen113
))
("C:\Users\Laurent\AppData\Local\Programs\MiKTeX 2.9\tex\latex\amsmath\amsbsy.s
ty"
Package: amsbsy 1999/11/29 v1.2d
\pmbraise@=\dimen114
)
("C:\Users\Laurent\AppData\Local\Programs\MiKTeX 2.9\tex\latex\amsmath\amsopn.s
ty"
Package: amsopn 1999/12/14 v2.01 operator names
)
\inf@bad=\count92
LaTeX Info: Redefining \frac on input line 210.
\uproot@=\count93
\leftroot@=\count94
LaTeX Info: Redefining \overline on input line 306.
\classnum@=\count95
\DOTSCASE@=\count96
LaTeX Info: Redefining \ldots on input line 378.
LaTeX Info: Redefining \dots on input line 381.
LaTeX Info: Redefining \cdots on input line 466.
\Mathstrutbox@=\box26
\strutbox@=\box27
\big@size=\dimen115
LaTeX Font Info:    Redeclaring font encoding OML on input line 566.
LaTeX Font Info:    Redeclaring font encoding OMS on input line 567.
\macc@depth=\count97
\c@MaxMatrixCols=\count98
\dotsspace@=\muskip11
\c@parentequation=\count99
\dspbrk@lvl=\count100
\tag@help=\toks17
\row@=\count101
\column@=\count102
\maxfields@=\count103
\andhelp@=\toks18
\eqnshift@=\dimen116
\alignsep@=\dimen117
\tagshift@=\dimen118
\tagwidth@=\dimen119
\totwidth@=\dimen120
\lineht@=\dimen121
\@envbody=\toks19
\multlinegap=\skip53
\multlinetaggap=\skip54
\mathdisplay@stack=\toks20
LaTeX Info: Redefining \[ on input line 2665.
LaTeX Info: Redefining \] on input line 2666.
)
("C:\Users\Laurent\AppData\Local\Programs\MiKTeX 2.9\tex\latex\amscls\amsthm.st
y"
Package: amsthm 2015/03/04 v2.20.2
\thm@style=\toks21
\thm@bodyfont=\toks22
\thm@headfont=\toks23
\thm@notefont=\toks24
\thm@headpunct=\toks25
\thm@preskip=\skip55
\thm@postskip=\skip56
\thm@headsep=\skip57
\dth@everypar=\toks26
)
("C:\Users\Laurent\AppData\Local\Programs\MiKTeX 2.9\tex\latex\exercise\exercis
e.sty"
Package: exercise 2014/10/20 v1.6 Exercise package (P.Pichaureau)

("C:\Users\Laurent\AppData\Local\Programs\MiKTeX 2.9\tex\latex\base\ifthen.sty"
Package: ifthen 2014/09/29 v1.1c Standard LaTeX ifthen package (DPC)
)
\ExerciseSkipBefore=\skip58
\ExerciseSkipAfter=\skip59
\AnswerSkipBefore=\skip60
\AnswerSkipAfter=\skip61
\Exesep=\skip62
\Exetopsep=\skip63
\Exeparsep=\skip64
\Exepartopsep=\skip65
\Exeleftmargin=\skip66
\Exerightmargin=\skip67
\Exelabelwidth=\skip68
\Exelabelsep=\skip69
\ExerciseBefore=\skip70
\QuestionBefore=\skip71
\subQuestionBefore=\skip72
\subsubQuestionBefore=\skip73
\QuestionIndent=\skip74
\subQuestionIndent=\skip75
\subsubQuestionIndent=\skip76
\c@Exercise=\count104
\c@Answer=\count105
\c@ExePart=\count106
\c@Question=\count107
\c@subQuestion=\count108
\c@subsubQuestion=\count109
\c@savedQuestion=\count110
\c@savedsubQuestion=\count111
\c@savedsubsubQuestion=\count112
\@QuestionLevel=\count113
\@Exercisebox=\box28
\all@Exercisebox=\box29
\temp@Exercisebox=\box30
\all@Answerbox=\box31
\temp@Answerbox=\box32
\ExerciseDifficulty=\count114
\QuestionDifficulty=\count115
\subQuestionDifficulty=\count116
\subsubQuestionDifficulty=\count117
\ExePartDifficulty=\count118
\@Answerbox=\box33
\colonnesLevel=\count119
\tempskipa=\skip77
\tempskipb=\skip78
\@savedmathindent=\skip79
)
("C:\Users\Laurent\AppData\Local\Programs\MiKTeX 2.9\tex\latex\base\makeidx.sty
"
Package: makeidx 2014/09/29 v1.0m Standard LaTeX package
)
("C:\Users\Laurent\AppData\Local\Programs\MiKTeX 2.9\tex\latex\setspace\setspac
e.sty"
Package: setspace 2011/12/19 v6.7a set line spacing
) ("C:\My Data\GitHub\Allen_repo\ThinkPerl6\book\hevea.sty"
Package: hevea 2002/01/11

("C:\Users\Laurent\AppData\Local\Programs\MiKTeX 2.9\tex\latex\comment\comment.
sty"
\CommentStream=\write3
 Excluding comment 'comment')
\c@cuttingdepth=\count120
 Excluding comment 'rawhtml'
Excluding comment 'htmlonly'
\@bgcolorbin=\box34
)
("C:\Users\Laurent\AppData\Local\Programs\MiKTeX 2.9\tex\latex\upquote\upquote.
sty"
Package: upquote 2012/04/19 v1.3 upright-quote and grave-accent glyphs in verba
tim
)
("C:\Users\Laurent\AppData\Local\Programs\MiKTeX 2.9\tex\latex\appendix\appendi
x.sty"
Package: appendix 2009/09/02 v1.2b extra appendix facilities
\c@@pps=\count121
\c@@ppsavesec=\count122
\c@@ppsaveapp=\count123
)
("C:\Users\Laurent\AppData\Local\Programs\MiKTeX 2.9\tex\latex\hyperref\hyperre
f.sty"
Package: hyperref 2012/11/06 v6.83m Hypertext links for LaTeX

("C:\Users\Laurent\AppData\Local\Programs\MiKTeX 2.9\tex\generic\oberdiek\hobsu
b-hyperref.sty"
Package: hobsub-hyperref 2012/04/25 v1.12 Bundle oberdiek, subset hyperref (HO)


("C:\Users\Laurent\AppData\Local\Programs\MiKTeX 2.9\tex\generic\oberdiek\hobsu
b-generic.sty"
Package: hobsub-generic 2012/04/25 v1.12 Bundle oberdiek, subset generic (HO)
Package: hobsub 2012/04/25 v1.12 Construct package bundles (HO)
Package hobsub Info: Skipping package `infwarerr' (already loaded).
Package hobsub Info: Skipping package `ltxcmds' (already loaded).
Package: ifluatex 2010/03/01 v1.3 Provides the ifluatex switch (HO)
Package ifluatex Info: LuaTeX not detected.
Package hobsub Info: Skipping package `ifvtex' (already loaded).
Package: intcalc 2007/09/27 v1.1 Expandable calculations with integers (HO)
Package hobsub Info: Skipping package `ifpdf' (already loaded).
Package: etexcmds 2011/02/16 v1.5 Avoid name clashes with e-TeX commands (HO)
Package etexcmds Info: Could not find \expanded.
(etexcmds)             That can mean that you are not using pdfTeX 1.50 or
(etexcmds)             that some package has redefined \expanded.
(etexcmds)             In the latter case, load this package earlier.
Package: kvsetkeys 2012/04/25 v1.16 Key value parser (HO)
Package: kvdefinekeys 2011/04/07 v1.3 Define keys (HO)
Package: pdftexcmds 2011/11/29 v0.20 Utility functions of pdfTeX for LuaTeX (HO
)
Package pdftexcmds Info: LuaTeX not detected.
Package pdftexcmds Info: \pdf@primitive is available.
Package pdftexcmds Info: \pdf@ifprimitive is available.
Package pdftexcmds Info: \pdfdraftmode found.
Package: pdfescape 2011/11/25 v1.13 Implements pdfTeX's escape features (HO)
Package: bigintcalc 2012/04/08 v1.3 Expandable calculations on big integers (HO
)
Package: bitset 2011/01/30 v1.1 Handle bit-vector datatype (HO)
Package: uniquecounter 2011/01/30 v1.2 Provide unlimited unique counter (HO)
)
Package hobsub Info: Skipping package `hobsub' (already loaded).
Package: letltxmacro 2010/09/02 v1.4 Let assignment for LaTeX macros (HO)
Package: hopatch 2011/06/24 v1.1 Wrapper for package hooks (HO)
Package: xcolor-patch 2011/01/30 xcolor patch
Package: atveryend 2011/06/30 v1.8 Hooks at the very end of document (HO)
Package atveryend Info: \enddocument detected (standard20110627).
Package: atbegshi 2011/10/05 v1.16 At begin shipout hook (HO)
Package: refcount 2011/10/16 v3.4 Data extraction from label references (HO)
Package: hycolor 2011/01/30 v1.7 Color options for hyperref/bookmark (HO)
)
("C:\Users\Laurent\AppData\Local\Programs\MiKTeX 2.9\tex\latex\oberdiek\auxhook
.sty"
Package: auxhook 2011/03/04 v1.3 Hooks for auxiliary files (HO)
)
("C:\Users\Laurent\AppData\Local\Programs\MiKTeX 2.9\tex\latex\oberdiek\kvoptio
ns.sty"
Package: kvoptions 2011/06/30 v3.11 Key value format for package options (HO)
)
\@linkdim=\dimen122
\Hy@linkcounter=\count124
\Hy@pagecounter=\count125

("C:\Users\Laurent\AppData\Local\Programs\MiKTeX 2.9\tex\latex\hyperref\pd1enc.
def"
File: pd1enc.def 2012/11/06 v6.83m Hyperref: PDFDocEncoding definition (HO)
)
\Hy@SavedSpaceFactor=\count126

("C:\Users\Laurent\AppData\Local\Programs\MiKTeX 2.9\tex\latex\00miktex\hyperre
f.cfg"
File: hyperref.cfg 2002/06/06 v1.2 hyperref configuration of TeXLive
)
Package hyperref Info: Option `bookmarks' set `true' on input line 4319.
Package hyperref Info: Hyper figures OFF on input line 4443.
Package hyperref Info: Link nesting OFF on input line 4448.
Package hyperref Info: Hyper index ON on input line 4451.
Package hyperref Info: Plain pages OFF on input line 4458.
Package hyperref Info: Backreferencing OFF on input line 4463.
Package hyperref Info: Implicit mode ON; LaTeX internals redefined.
Package hyperref Info: Bookmarks ON on input line 4688.
\c@Hy@tempcnt=\count127
LaTeX Info: Redefining \url on input line 5041.
\XeTeXLinkMargin=\dimen123
\Fld@menulength=\count128
\Field@Width=\dimen124
\Fld@charsize=\dimen125
Package hyperref Info: Hyper figures OFF on input line 6295.
Package hyperref Info: Link nesting OFF on input line 6300.
Package hyperref Info: Hyper index ON on input line 6303.
Package hyperref Info: backreferencing OFF on input line 6310.
Package hyperref Info: Link coloring OFF on input line 6315.
Package hyperref Info: Link coloring with OCG OFF on input line 6320.
Package hyperref Info: PDF/A mode OFF on input line 6325.
LaTeX Info: Redefining \ref on input line 6365.
LaTeX Info: Redefining \pageref on input line 6369.
\Hy@abspage=\count129
\c@Item=\count130
\c@Hfootnote=\count131
)

Package hyperref Message: Driver (autodetected): hpdftex.


("C:\Users\Laurent\AppData\Local\Programs\MiKTeX 2.9\tex\latex\hyperref\hpdftex
.def"
File: hpdftex.def 2012/11/06 v6.83m Hyperref driver for pdfTeX
\Fld@listcount=\count132
\c@bookmark@seq@number=\count133

("C:\Users\Laurent\AppData\Local\Programs\MiKTeX 2.9\tex\latex\oberdiek\rerunfi
lecheck.sty"
Package: rerunfilecheck 2011/04/15 v1.7 Rerun checks for auxiliary files (HO)
Package uniquecounter Info: New unique counter `rerunfilecheck' on input line 2
82.
)
\Hy@SectionHShift=\skip80
)
("C:\Users\Laurent\AppData\Local\Programs\MiKTeX 2.9\tex\generic\babel\babel.st
y"
Package: babel 2016/01/08 3.9n The Babel package

("C:\Users\Laurent\AppData\Local\Programs\MiKTeX 2.9\tex\generic\babel\switch.d
ef"
File: switch.def 2016/01/08 3.9n Babel switching mechanism
)
*************************************
* Local config file bblopts.cfg used
*

("C:\Users\Laurent\AppData\Local\Programs\MiKTeX 2.9\tex\latex\00miktex\bblopts
.cfg"
File: bblopts.cfg 2006/07/31 v1.0 MiKTeX 'babel' configuration
)
("C:\Users\Laurent\AppData\Local\Programs\MiKTeX 2.9\tex\latex\babel-english\en
glish.ldf"
Language: english 2012/08/20 v3.3p English support from the babel system

("C:\Users\Laurent\AppData\Local\Programs\MiKTeX 2.9\tex\generic\babel\babel.de
f"
File: babel.def 2016/01/08 3.9n Babel common definitions
 (C:\Users\Laurent\AppData\Roaming\MiKTeX\2.9\tex\generic\config\language.def)
\babel@savecnt=\count134
\U@D=\dimen126
)
\l@canadian = a dialect from \language\l@american 
\l@australian = a dialect from \language\l@british 
\l@newzealand = a dialect from \language\l@british 
)) ("C:\Users\Laurent\AppData\Local\Programs\MiKTeX 2.9\tex\latex\ucs\ucs.sty"
Package: ucs 2013/05/11 v2.2 UCS: Unicode input support

("C:\Users\Laurent\AppData\Local\Programs\MiKTeX 2.9\tex\latex\ucs\uni-global.d
ef"
File: uni-global.def 2013/05/13 UCS: Unicode global data
)
\uc@secondtry=\count135
\uc@combtoks=\toks27
\uc@combtoksb=\toks28
\uc@temptokena=\toks29
)
("C:\Users\Laurent\AppData\Local\Programs\MiKTeX 2.9\tex\latex\base\inputenc.st
y"
Package: inputenc 2015/03/17 v1.2c Input encoding file
\inpenc@prehook=\toks30
\inpenc@posthook=\toks31
 ("C:\Users\Laurent\AppData\Local\Programs\MiKTeX 2.9\tex\latex\ucs\utf8x.def"
File: utf8x.def 2004/10/17 UCS: Input encoding UTF-8
))
("C:\Users\Laurent\AppData\Local\Programs\MiKTeX 2.9\tex\latex\fancyvrb\fancyvr
b.sty"
Package: fancyvrb 2008/02/07

Style option: `fancyvrb' v2.7a, with DG/SPQR fixes, and firstline=lastline fix 
<2008/02/07> (tvz)
\FV@CodeLineNo=\count136
\FV@InFile=\read1
\FV@TabBox=\box35
\c@FancyVerbLine=\count137
\FV@StepNumber=\count138
\FV@OutFile=\write4
)
\@indexfile=\write5

Writing index file thinkperl6.idx
("C:\My Data\GitHub\Allen_repo\ThinkPerl6\book\thinkperl6.aux"
("C:\My Data\GitHub\Allen_repo\ThinkPerl6\book\intro_part_2.aux"))
LaTeX Font Info:    Checking defaults for OML/cmm/m/it on input line 68.
LaTeX Font Info:    ... okay on input line 68.
LaTeX Font Info:    Checking defaults for T1/cmr/m/n on input line 68.
LaTeX Font Info:    ... okay on input line 68.
LaTeX Font Info:    Checking defaults for OT1/cmr/m/n on input line 68.
LaTeX Font Info:    ... okay on input line 68.
LaTeX Font Info:    Checking defaults for OMS/cmsy/m/n on input line 68.
LaTeX Font Info:    ... okay on input line 68.
LaTeX Font Info:    Checking defaults for OMX/cmex/m/n on input line 68.
LaTeX Font Info:    ... okay on input line 68.
LaTeX Font Info:    Checking defaults for U/cmr/m/n on input line 68.
LaTeX Font Info:    ... okay on input line 68.
LaTeX Font Info:    Checking defaults for TS1/cmr/m/n on input line 68.
LaTeX Font Info:    Try loading font information for TS1+cmr on input line 68.

("C:\Users\Laurent\AppData\Local\Programs\MiKTeX 2.9\tex\latex\base\ts1cmr.fd"
File: ts1cmr.fd 2014/09/29 v2.5h Standard LaTeX font definitions
)
LaTeX Font Info:    ... okay on input line 68.
LaTeX Font Info:    Checking defaults for PD1/pdf/m/n on input line 68.
LaTeX Font Info:    ... okay on input line 68.
LaTeX Font Info:    Try loading font information for T1+ppl on input line 68.
("C:\Users\Laurent\AppData\Local\Programs\MiKTeX 2.9\tex\latex\psnfss\t1ppl.fd"
File: t1ppl.fd 2001/06/04 font definitions for T1/ppl.
)
*geometry* driver: auto-detecting
*geometry* detected driver: pdftex
*geometry* verbose mode - [ preamble ] result:
* driver: pdftex
* paper: <default>
* layout: <same size as paper>
* layoutoffset:(h,v)=(0.0pt,0.0pt)
* hratio: 3:2
* vratio: 1:1
* modes: twoside 
* h-part:(L,W,R)=(130.086pt, 397.48499pt, 86.72401pt)
* v-part:(T,H,B)=(90.3375pt, 614.295pt, 90.3375pt)
* \paperwidth=614.295pt
* \paperheight=794.96999pt
* \textwidth=397.48499pt
* \textheight=614.295pt
* \oddsidemargin=57.81601pt
* \evensidemargin=14.45403pt
* \topmargin=-11.99998pt
* \headheight=12.0pt
* \headsep=18.06749pt
* \topskip=10.0pt
* \footskip=25.29494pt
* \marginparwidth=125.0pt
* \marginparsep=7.0pt
* \columnsep=10.0pt
* \skip\footins=9.0pt plus 4.0pt minus 2.0pt
* \hoffset=0.0pt
* \voffset=0.0pt
* \mag=1000
* \@twocolumnfalse
* \@twosidetrue
* \@mparswitchtrue
* \@reversemarginfalse
* (1in=72.27pt=25.4mm, 1cm=28.453pt)


("C:\Users\Laurent\AppData\Local\Programs\MiKTeX 2.9\tex\context\base\supp-pdf.
mkii"
[Loading MPS to PDF converter (version 2006.09.02).]
\scratchcounter=\count139
\scratchdimen=\dimen127
\scratchbox=\box36
\nofMPsegments=\count140
\nofMParguments=\count141
\everyMPshowfont=\toks32
\MPscratchCnt=\count142
\MPscratchDim=\dimen128
\MPnumerator=\count143
\makeMPintoPDFobject=\count144
\everyMPtoPDFconversion=\toks33
)
\AtBeginShipoutBox=\box37
Package hyperref Info: Link coloring OFF on input line 68.

("C:\Users\Laurent\AppData\Local\Programs\MiKTeX 2.9\tex\latex\hyperref\nameref
.sty"
Package: nameref 2012/10/27 v2.43 Cross-referencing by name of section

("C:\Users\Laurent\AppData\Local\Programs\MiKTeX 2.9\tex\generic\oberdiek\getti
tlestring.sty"
Package: gettitlestring 2010/12/03 v1.4 Cleanup title references (HO)
)
\c@section@level=\count145
)
LaTeX Info: Redefining \ref on input line 68.
LaTeX Info: Redefining \pageref on input line 68.
LaTeX Info: Redefining \nameref on input line 68.
 ("C:\My Data\GitHub\Allen_repo\ThinkPerl6\book\thinkperl6.out") ("C:\My Data\G
itHub\Allen_repo\ThinkPerl6\book\thinkperl6.out")
\@outlinefile=\write6

("C:\Users\Laurent\AppData\Local\Programs\MiKTeX 2.9\tex\latex\ucs\ucsencs.def"
File: ucsencs.def 2011/01/21 Fixes to fontencodings LGR, T3
)
\c@exercise=\count146
 ("C:\My Data\GitHub\Allen_repo\ThinkPerl6\book\latexonly.tex") [1


{C:/Users/Laurent/AppData/Local/MiKTeX/2.9/pdftex/config/pdftex.map}] [2] [3]
LaTeX Font Info:    Try loading font information for TS1+ppl on input line 180.


("C:\Users\Laurent\AppData\Local\Programs\MiKTeX 2.9\tex\latex\psnfss\ts1ppl.fd
"
File: ts1ppl.fd 2001/06/04 font definitions for TS1/ppl.
)
LaTeX Font Info:    Try loading font information for T1+cmtt on input line 193.

 ("C:\Users\Laurent\AppData\Local\Programs\MiKTeX 2.9\tex\latex\base\t1cmtt.fd"
File: t1cmtt.fd 2014/09/29 v2.5h Standard LaTeX font definitions
)
LaTeX Font Info:    Try loading font information for OT1+ppl on input line 193.


("C:\Users\Laurent\AppData\Local\Programs\MiKTeX 2.9\tex\latex\psnfss\ot1ppl.fd
"
File: ot1ppl.fd 2001/06/04 font definitions for OT1/ppl.
)
LaTeX Font Info:    Try loading font information for OML+zplm on input line 193
.

("C:\Users\Laurent\AppData\Local\Programs\MiKTeX 2.9\tex\latex\psnfss\omlzplm.f
d"
File: omlzplm.fd 2002/09/08 Fontinst v1.914 font definitions for OML/zplm.
)
LaTeX Font Info:    Try loading font information for OMS+zplm on input line 193
.

("C:\Users\Laurent\AppData\Local\Programs\MiKTeX 2.9\tex\latex\psnfss\omszplm.f
d"
File: omszplm.fd 2002/09/08 Fontinst v1.914 font definitions for OMS/zplm.
)
LaTeX Font Info:    Try loading font information for OMX+zplm on input line 193
.

("C:\Users\Laurent\AppData\Local\Programs\MiKTeX 2.9\tex\latex\psnfss\omxzplm.f
d"
File: omxzplm.fd 2002/09/08 Fontinst v1.914 font definitions for OMX/zplm.
)
LaTeX Font Info:    Try loading font information for OT1+zplm on input line 193
.

("C:\Users\Laurent\AppData\Local\Programs\MiKTeX 2.9\tex\latex\psnfss\ot1zplm.f
d"
File: ot1zplm.fd 2002/09/08 Fontinst v1.914 font definitions for OT1/zplm.
) Excluding 'htmlonly' comment.
("C:\My Data\GitHub\Allen_repo\ThinkPerl6\book\preface.tex" [4]
LaTeX Font Info:    Font shape `T1/ppl/bx/n' in size <24.88> not available
(Font)              Font shape `T1/ppl/b/n' tried instead on input line 2.
LaTeX Font Info:    Font shape `T1/ppl/bx/n' in size <14.4> not available
(Font)              Font shape `T1/ppl/b/n' tried instead on input line 16.
 [5

]
LaTeX Font Info:    Font shape `T1/ppl/bx/n' in size <10> not available
(Font)              Font shape `T1/ppl/b/n' tried instead on input line 134.
 [6]
[7] [8

] ("C:\My Data\GitHub\Allen_repo\ThinkPerl6\book\thinkperl6.toc"
LaTeX Font Info:    Font shape `T1/ppl/bx/n' in size <12> not available
(Font)              Font shape `T1/ppl/b/n' tried instead on input line 3.
 [9

]
[10] [11] [12] [13] [14] [15] [16] [17] [18] [19])
\tf@toc=\write7
 [20])
LaTeX Font Info:    Font shape `T1/ppl/bx/n' in size <20.74> not available
(Font)              Font shape `T1/ppl/b/n' tried instead on input line 238.
 [1



] [2]
("C:\My Data\GitHub\Allen_repo\ThinkPerl6\book\chapt1.tex"
Chapter 1.
[3

] [4]
LaTeX Font Info:    Try loading font information for TS1+cmtt on input line 170
.

("C:\Users\Laurent\AppData\Local\Programs\MiKTeX 2.9\tex\latex\base\ts1cmtt.fd"
File: ts1cmtt.fd 2014/09/29 v2.5h Standard LaTeX font definitions
) [5] [6] [7] [8] [9] [10] [11])
("C:\My Data\GitHub\Allen_repo\ThinkPerl6\book\chapt_var_expr.tex" [12]
Chapter 2.
[13

] <figs/test_5.png, id=2097, 526.3665pt x 85.5195pt>
File: figs/test_5.png Graphic file (type png)
 <use figs/test_5.png>
Package pdftex.def Info: figs/test_5.png used on input line 112.
(pdftex.def)             Requested size: 315.82234pt x 51.31207pt.

[14]
("C:\Users\Laurent\AppData\Local\Programs\MiKTeX 2.9\tex\latex\ucs\uni-0.def"
File: uni-0.def 2013/05/13 UCS: Unicode data U+0000..U+00FF
)
("C:\Users\Laurent\AppData\Local\Programs\MiKTeX 2.9\tex\latex\ucs\uni-3.def"
File: uni-3.def 2013/05/13 UCS: Unicode data U+0300..U+03FF
)
[15 <C:/My Data/GitHub/Allen_repo/ThinkPerl6/book/figs/test_5.png>] [16]
[17] [18] [19] [20] [21] [22] [23])
("C:\My Data\GitHub\Allen_repo\ThinkPerl6\book\chapt_func.tex" [24]
Chapter 3.
[25

] [26] [27] [28] [29] [30] [31] [32] [33] [34]
<figs/stack_diagram.png, id=2206, 254.65216pt x 93.32504pt>
File: figs/stack_diagram.png Graphic file (type png)

<use figs/stack_diagram.png>
Package pdftex.def Info: figs/stack_diagram.png used on input line 743.
(pdftex.def)             Requested size: 305.58105pt x 111.98947pt.
 [35 <C:/My Data/GitHub/Allen_repo/ThinkPerl6/book/figs/stack_diagram.png (PNG 
copy)>] [36] [37] [38] [39] [40] [41] [42]
Underfull \hbox (badness 4713) in paragraph at lines 1411--1415
[]\T1/ppl/b/n/10 Exercise 3.1. \T1/ppl/m/it/10 Write a sub-rou-tine named []\T1
/cmtt/m/n/10 right-justify \T1/ppl/m/it/10 that takes a string named
 []

[43]

LaTeX Font Warning: Font shape `T1/cmtt/m/up' undefined
(Font)              using `T1/cmtt/m/n' instead on input line 1416.


LaTeX Font Warning: Font shape `TS1/cmtt/m/up' undefined
(Font)              using `TS1/cmtt/m/n' instead
(Font)              for symbol `textquotesingle' on input line 1417.

[44])
("C:\My Data\GitHub\Allen_repo\ThinkPerl6\book\Conditional_and_recursion.tex"
[45] [46

]
Chapter 4.
[47]
Underfull \hbox (badness 2884) in paragraph at lines 76--83
[]\T1/ppl/m/n/10 To tell the truth, Perl 6 also has a spe-cific op-er-a-tor for
 di-vis-i-bil-ity, []\T1/cmtt/m/up/10 %%\T1/ppl/m/n/10 . The
 []

[48] [49] [50] [51] [52] [53] [54] [55] [56]
Underfull \hbox (badness 5741) in paragraph at lines 858--860
[]\T1/ppl/m/n/10 The ex-e-cu-tion of \T1/cmtt/m/up/10 countdown \T1/ppl/m/n/10 
be-gins with \T1/cmtt/m/up/10 $time-left = 2\T1/ppl/m/n/10 , and since
 []

[57] <figs/stack2.png, id=2316, 423.5825pt x 301.125pt>
File: figs/stack2.png Graphic file (type png)
 <use figs/stack2.png>
Package pdftex.def Info: figs/stack2.png used on input line 953.
(pdftex.def)             Requested size: 254.15146pt x 180.67638pt.

[58]
LaTeX Font Info:    Try loading font information for T1+cmss on input line 1005
.

("C:\Users\Laurent\AppData\Local\Programs\MiKTeX 2.9\tex\latex\base\t1cmss.fd"
File: t1cmss.fd 2014/09/29 v2.5h Standard LaTeX font definitions
) [59 <C:/My Data/GitHub/Allen_repo/ThinkPerl6/book/figs/stack2.png (PNG copy)>
] [60] [61] [62] [63])
("C:\My Data\GitHub\Allen_repo\ThinkPerl6\book\Fruitful_func.tex" [64]
Chapter 5.
[65

] [66] [67] [68]
Underfull \hbox (badness 1490) in paragraph at lines 359--362
\T1/ppl/m/n/10 It is com-mon to give boolean func-tions names that sound like y
es/no ques-tions;
 []

[69] [70] [71] <figs/stack3.pdf, id=2403, 320.19624pt x 150.5625pt>
File: figs/stack3.pdf Graphic file (type pdf)

<use figs/stack3.pdf>
Package pdftex.def Info: figs/stack3.pdf used on input line 603.
(pdftex.def)             Requested size: 256.15733pt x 120.45015pt.
 [72] [73 <C:/My Data/GitHub/Allen_repo/ThinkPerl6/book/figs/stack3.pdf>] [74]
("C:\Users\Laurent\AppData\Local\Programs\MiKTeX 2.9\tex\latex\ucs\uni-32.def"
File: uni-32.def 2013/05/13 UCS: Unicode data U+2000..U+20FF
) [75] [76] [77] [78] [79])
("C:\My Data\GitHub\Allen_repo\ThinkPerl6\book\iteration.tex" [80]
Chapter 6.
[81

] <figs/reassignment.png, id=2472, 214.8025pt x 149.55875pt>
File: figs/reassignment.png Graphic file (type png)

<use figs/reassignment.png>
Package pdftex.def Info: figs/reassignment.png used on input line 79.
(pdftex.def)             Requested size: 107.40099pt x 74.77919pt.
 [82 <C:/My Data/GitHub/Allen_repo/ThinkPerl6/book/figs/reassignment.png (PNG c
opy)>] [83] [84] [85] [86] [87] [88] [89] [90]
[91]) ("C:\My Data\GitHub\Allen_repo\ThinkPerl6\book\Strings.tex" [92]
Chapter 7.
[93

] [94] [95] [96] [97] [98] [99] [100] [101] [102] [103] [104] [105] [106]
[107] [108] [109] [110] [111]
Underfull \hbox (badness 5316) in paragraph at lines 1580--1584
\T1/ppl/m/n/10 However, the most com-mon way to per-form text sub-sti-tu-tion i
n Perl is the
 []

[112] [113] [114] <figs/state6.png, id=2652, 591.20876pt x 126.4725pt>
File: figs/state6.png Graphic file (type png)

<use figs/state6.png>
Package pdftex.def Info: figs/state6.png used on input line 1797.
(pdftex.def)             Requested size: 295.60365pt x 63.23608pt.
 [115 <C:/My Data/GitHub/Allen_repo/ThinkPerl6/book/figs/state6.png (PNG copy)>
] [116]
Underfull \vbox (badness 10000) has occurred while \output is active []

 [117])
("C:\My Data\GitHub\Allen_repo\ThinkPerl6\book\wordplay.tex" [118]
Chapter 8.
[119

] [120] [121]
Underfull \hbox (badness 3735) in paragraph at lines 318--320
\T1/ppl/m/n/10 The sim-plest ex-am-ple ---printing the words of \T1/cmtt/m/up/1
0 words.txt \T1/ppl/m/n/10 that are longer than
 []

[122] [123] [124] [125] [126] [127]
Underfull \hbox (badness 1975) in paragraph at lines 771--778
[]\T1/ppl/b/n/10 Exercise 8.8. \T1/ppl/m/it/10 Here's an-other \T1/ppl/m/n/10 C
ar Talk \T1/ppl/m/it/10 Puz-zler ([]$\T1/cmtt/m/it/10 http : / / www . cartalk 
. com / content /$
 []

[128]) ("C:\My Data\GitHub\Allen_repo\ThinkPerl6\book\Arrays.tex" [129]
[130

]
Chapter 9.
[131] [132] [133] [134] [135] [136] [137] [138] [139] [140] [141] [142]
[143] [144] [145] [146] [147] [148] [149] [150] [151] [152] [153] [154])
("C:\My Data\GitHub\Allen_repo\ThinkPerl6\book\hashes.tex" [155] [156

]
Chapter 10.
[157] [158] [159] [160] [161] [162]
Underfull \hbox (badness 2626) in paragraph at lines 478--481
\T1/ppl/m/n/10 Given a hash []\T1/cmtt/m/up/10 %hash \T1/ppl/m/n/10 and a key [
]\T1/cmtt/m/up/10 $k\T1/ppl/m/n/10 , it is easy to find the cor-re-spond-ing va
lue
 []

[163] [164] [165] [166] <figs/hash1.png, id=2938, 511.9125pt x 182.6825pt>
File: figs/hash1.png Graphic file (type png)

<use figs/hash1.png>
Package pdftex.def Info: figs/hash1.png used on input line 814.
(pdftex.def)             Requested size: 409.53056pt x 146.14618pt.
 [167 <C:/My Data/GitHub/Allen_repo/ThinkPerl6/book/figs/hash1.png (PNG copy)>]
 <figs/fibonacci.png, id=2949, 511.9125pt x 234.8775pt>
File: figs/fibonacci.png Graphic file (type png)

<use figs/fibonacci.png>
Package pdftex.def Info: figs/fibonacci.png used on input line 894.
(pdftex.def)             Requested size: 358.3363pt x 164.41312pt.
 [168] [169 <C:/My Data/GitHub/Allen_repo/ThinkPerl6/book/figs/fibonacci.png (P
NG copy)>] [170] [171] [172])
("C:\My Data\GitHub\Allen_repo\ThinkPerl6\book\data_struct_selection.tex"
[173] [174

]
Chapter 11.
[175] [176] [177] [178] [179] [180] [181] [182] [183] [184] [185]
("C:\Users\Laurent\AppData\Local\Programs\MiKTeX 2.9\tex\latex\ucs\uni-34.def"
File: uni-34.def 2013/05/13 UCS: Unicode data U+2200..U+22FF
) [186] [187] [188] [189] [190] [191] [192] [193]
<figs/figure_heap.png, id=3108, 204.765pt x 182.18062pt>
File: figs/figure_heap.png Graphic file (type png)

<use figs/figure_heap.png>
Package pdftex.def Info: figs/figure_heap.png used on input line 1461.
(pdftex.def)             Requested size: 204.76448pt x 182.18016pt.
 [194] [195 <C:/My Data/GitHub/Allen_repo/ThinkPerl6/book/figs/figure_heap.png>
]
<figs/figure_heap2.png, id=3120, 356.0803pt x 212.29312pt>
File: figs/figure_heap2.png Graphic file (type png)

<use figs/figure_heap2.png>
Package pdftex.def Info: figs/figure_heap2.png used on input line 1552.
(pdftex.def)             Requested size: 356.07944pt x 212.2926pt.
 [196 <C:/My Data/GitHub/Allen_repo/ThinkPerl6/book/figs/figure_heap2.png>] [19
7] [198]
<figs/International_Morse_Code.PNG, id=3139, 433.62pt x 393.47pt>
File: figs/International_Morse_Code.PNG Graphic file (type png)

<use figs/International_Morse_Code.PNG>
Package pdftex.def Info: figs/International_Morse_Code.PNG used on input line 1
730.
(pdftex.def)             Requested size: 260.17401pt x 236.0838pt.
 [199 <C:/My Data/GitHub/Allen_repo/ThinkPerl6/book/figs/International_Morse_Co
de.PNG (PNG copy)>] [200] [201])
[202] [203

] [204]
("C:\My Data\GitHub\Allen_repo\ThinkPerl6\book\intro_part_2.tex"
Chapter 12.
[205


]) [206] ("C:\My Data\GitHub\Allen_repo\ThinkPerl6\book\objects.tex"
Chapter 13.
[207


] [208] [209] <figs/point2D.png, id=3202, 278.84175pt x 100.57574pt>
File: figs/point2D.png Graphic file (type png)

<use figs/point2D.png>
Package pdftex.def Info: figs/point2D.png used on input line 298.
(pdftex.def)             Requested size: 223.07368pt x 80.4607pt.
 [210 <C:/My Data/GitHub/Allen_repo/ThinkPerl6/book/figs/point2D.png>] [211] [2
12] [213] [214]
<figs/rectangle.png, id=3225, 529.37775pt x 153.57375pt>
File: figs/rectangle.png Graphic file (type png)

<use figs/rectangle.png>
Package pdftex.def Info: figs/rectangle.png used on input line 694.
(pdftex.def)             Requested size: 423.50276pt x 122.85915pt.
 [215 <C:/My Data/GitHub/Allen_repo/ThinkPerl6/book/figs/rectangle.png>] [216] 
[217] [218]
Underfull \hbox (badness 10000) in paragraph at lines 1040--1048
[]\T1/ppl/m/n/10 Here, when the user code in-vokes the \T1/cmtt/m/up/10 coordin
ates\T1/ppl/m/n/10 , \T1/cmtt/m/up/10 distanceToCenter \T1/ppl/m/n/10 and
 []

[219] [220] [221] [222] [223] [224] [225] [226] [227] [228] [229] [230]
[231] [232]
Underfull \hbox (badness 1354) in paragraph at lines 2104--2114
\T1/ppl/m/n/10 Rakudo-Perl 6 ships with an in-ter-ac-tive de-bug-ger which you 
might call with the
 []

[233] [234] [235] [236])
("C:\My Data\GitHub\Allen_repo\ThinkPerl6\book\grammars.tex" [237] [238

]
Chapter 14.
[239]
Underfull \hbox (badness 10000) in paragraph at lines 137--137
[]\T1/ppl/b/n/14.4 Declarative pro-gram-ming, an-other pro-gram-ming
 []

[240] [241] [242] [243] [244] [245] [246] [247] [248] [249] [250] [251]
[252] [253] [254]
Underfull \vbox (badness 1448) has occurred while \output is active []

 [255]
[256] [257] [258]) ("C:\My Data\GitHub\Allen_repo\ThinkPerl6\book\functional.te
x" [259] [260

]
Chapter 15.
[261] [262] [263]
Underfull \hbox (badness 5578) in paragraph at lines 295--303
[]\T1/ppl/m/n/10 The mag-i-cal thing here is that the []\T1/cmtt/m/up/10 $count
er \T1/ppl/m/n/10 vari-able is out of scope when
 []

[264] [265] [266] [267] [268] [269] [270] [271] [272] [273] [274] [275]
[276] [277] [278] [279] [280] [281] [282] [283] [284] [285] [286] [287]
[288] [289] [290]) ("C:\My Data\GitHub\Allen_repo\ThinkPerl6\book\conclusion.te
x" [291] [292

]
Chapter 16.
[293] [294] [295]
Underfull \hbox (badness 1424) in paragraph at lines 289--292
[]\T1/ppl/m/n/10 The []\T1/cmtt/m/up/10 .kv \T1/ppl/m/n/10 method, in com-bi-na
-tion
 []

[296]
LaTeX Font Info:    Font shape `T1/ppl/bx/it' in size <10> not available
(Font)              Font shape `T1/ppl/b/it' tried instead on input line 314.
 [297])
("C:\My Data\GitHub\Allen_repo\ThinkPerl6\book\appendix_solutions.tex" [298]
Appendix A.
[299

] [300] [301]
Underfull \hbox (badness 1975) in paragraph at lines 222--226
[]\T1/ppl/m/n/10 There are ob-vi-ously bet-ter ways to do some-thing four times
 than just re-peat-ing
 []

[302]
Underfull \vbox (badness 1163) has occurred while \output is active []

 [303]
[304] [305] [306] [307] [308] [309] [310] [311] [312] [313] [314] [315]
[316] [317] [318] [319] [320] [321] [322] [323] [324] [325] [326] [327]
[328] [329] [330] [331] [332] [333] [334] [335]

LaTeX Warning: Reference `slurpy parameters' on page 336 undefined on input lin
e 2565.


LaTeX Warning: Reference `slurpy parameters' on page 336 undefined on input lin
e 2565.

[336] [337] [338] [339] [340] [341] [342] [343] [344] [345] [346] [347]
[348] [349] [350] [351] [352] [353] [354] [355] [356] [357] [358] [359]
[360] [361] [362] [363] [364] [365] [366] [367] [368] [369] [370] [371]
Underfull \hbox (badness 1406) in paragraph at lines 5016--5022
[]\T1/ppl/m/n/10 We had orig-i-nally called the new sub-rou-tine \T1/cmtt/m/up/
10 check-feb-29 \T1/ppl/m/n/10 but we changed it to
 []

[372] [373] [374]) ("C:\My Data\GitHub\Allen_repo\ThinkPerl6\book\thinkperl6.in
d" [375] [376

] [377] [378]
Underfull \hbox (badness 1231) in paragraph at lines 426--427
[]| \T1/ppl/m/n/10 re-cur-sive func-tion with de-bug state-
 []

[379] [380] [381] [382] [383] [384]
Underfull \hbox (badness 2150) in paragraph at lines 1094--1095
[]\T1/ppl/m/n/10 PCRE (Perl Com-pat-i-ble Reg-u-lar Ex-pres-
 []


Underfull \hbox (badness 10000) in paragraph at lines 1098--1099
[]\T1/ppl/m/n/10 Perl Com-pat-i-ble Reg-u-lar Ex-pres-sions
 []

[385] [386] [387] [388] [389] [390

])
Package atveryend Info: Empty hook `BeforeClearDocument' on input line 288.
Package atveryend Info: Empty hook `AfterLastShipout' on input line 288.

("C:\My Data\GitHub\Allen_repo\ThinkPerl6\book\thinkperl6.aux"
("C:\My Data\GitHub\Allen_repo\ThinkPerl6\book\intro_part_2.aux"))
Package atveryend Info: Executing hook `AtVeryEndDocument' on input line 288.
Package atveryend Info: Executing hook `AtEndAfterFileList' on input line 288.
Package rerunfilecheck Info: File `thinkperl6.out' has not changed.
(rerunfilecheck)             Checksum: 4A3FC9033E8D8C8C4E9F00579C1BB077;27479.


LaTeX Font Warning: Some font shapes were not available, defaults substituted.


LaTeX Warning: There were undefined references.

Package atveryend Info: Empty hook `AtVeryVeryEnd' on input line 288.
 ) 
Here is how much of TeX's memory you used:
 12486 strings out of 493921
 178385 string characters out of 3147276
 256864 words of memory out of 3000000
 14532 multiletter control sequences out of 15000+200000
 52639 words of font info for 109 fonts, out of 3000000 for 9000
 841 hyphenation exceptions out of 8191
 31i,12n,43p,974b,611s stack positions out of 5000i,500n,10000p,200000b,50000s
pdfTeX warning (dest): name{exercise.11.9} has been referenced but does not e
xist, replaced by a fixed one

{C:/Users/Laurent/AppData/Local/Programs/MiKTeX 2.9/fonts/enc/dvips/fontname/8r
.enc}{C:/Users/Laurent/AppData/Local/Programs/MiKTeX 2.9/fonts/enc/dvips/cm-sup
er/cm-super-t1.enc}{C:/Users/Laurent/AppData/Local/Programs/MiKTeX 2.9/fonts/en
c/dvips/cm-super/cm-super-ts1.enc}<C:/Users/Laurent/AppData/Local/Programs/MiKT
eX 2.9/fonts/type1/public/amsfonts/cm/cmex10.pfb><C:/Users/Laurent/AppData/Loca
l/Programs/MiKTeX 2.9/fonts/type1/public/amsfonts/cm/cmmi10.pfb><C:/Users/Laure
nt/AppData/Local/Programs/MiKTeX 2.9/fonts/type1/public/amsfonts/cm/cmr10.pfb><
C:/Users/Laurent/AppData/Local/Programs/MiKTeX 2.9/fonts/type1/public/amsfonts/
cm/cmsy10.pfb><C:/Users/Laurent/AppData/Local/Programs/MiKTeX 2.9/fonts/type1/p
ublic/mathpazo/fplmr.pfb><C:/Users/Laurent/AppData/Local/Programs/MiKTeX 2.9/fo
nts/type1/public/mathpazo/fplmri.pfb><C:/Users/Laurent/AppData/Local/Programs/M
iKTeX 2.9/fonts/type1/public/cm-super/sfit1000.pfb><C:/Users/Laurent/AppData/Lo
cal/Programs/MiKTeX 2.9/fonts/type1/public/cm-super/sfss1000.pfb><C:/Users/Laur
ent/AppData/Local/Programs/MiKTeX 2.9/fonts/type1/public/cm-super/sftt0800.pfb>
<C:/Users/Laurent/AppData/Local/Programs/MiKTeX 2.9/fonts/type1/public/cm-super
/sftt0900.pfb><C:/Users/Laurent/AppData/Local/Programs/MiKTeX 2.9/fonts/type1/p
ublic/cm-super/sftt1000.pfb><C:/Users/Laurent/AppData/Local/Programs/MiKTeX 2.9
/fonts/type1/public/cm-super/sftt1200.pfb><C:/Users/Laurent/AppData/Local/Progr
ams/MiKTeX 2.9/fonts/type1/public/cm-super/sftt1440.pfb><C:/Users/Laurent/AppDa
ta/Local/Programs/MiKTeX 2.9/fonts/type1/urw/palatino/uplb8a.pfb><C:/Users/Laur
ent/AppData/Local/Programs/MiKTeX 2.9/fonts/type1/urw/palatino/uplbi8a.pfb><C:/
Users/Laurent/AppData/Local/Programs/MiKTeX 2.9/fonts/type1/urw/palatino/uplr8a
.pfb><C:/Users/Laurent/AppData/Local/Programs/MiKTeX 2.9/fonts/type1/urw/palati
no/uplri8a.pfb>
Output written on thinkperl6.pdf (410 pages, 2175705 bytes).
PDF statistics:
 6798 PDF objects out of 7423 (max. 8388607)
 956 named destinations out of 1000 (max. 500000)
 2866 words of extra memory for PDF output out of 10000 (max. 10000000)

